* using log directory 'E:/quokar/..Rcheck'
* using R version 3.3.3 (2017-03-06)
* using platform: x86_64-w64-mingw32 (64-bit)
* using session charset: CP936
* checking for file './DESCRIPTION' ... OK
* checking extension type ... Package
* this is package 'quokar' version '0.0.0.9000'
* package encoding: UTF-8
* checking package namespace information ... OK
* checking package dependencies ... OK
* checking if this is a source package ... WARNING
Subdirectory 'quokar/src' contains apparent object files/libraries
  quokar.dll rqbr.o rqfnb.o
Object files/libraries should not be included in a source package.
* checking if there is a namespace ... OK
* checking for executable files ... WARNING
Found the following executable files:
  .git/objects/01/d84fc38339f549085803820814fc6ef39e21ba
  .git/objects/01/f0ba9673b669932483849aa8afa327a3b45769
  .git/objects/04/d6fd8ce194b214d4e6cb4ddf83f42a1437f2ce
  .git/objects/05/b2c6f184c0c6b3b2f447c18ff782d527deaec1
  .git/objects/08/85313415836663923d618ff5069c4010d72335
  .git/objects/13/9beb60bb8957ef916522ec70bd2f5549fda1a7
  .git/objects/17/856b9591107c18b8a4fe0cc9dfddedff3f017d
  .git/objects/19/75fcadf1c5ab34d0e4f1056cef608917749e2b
  .git/objects/1b/91befc02d218d0b04f0cb8be03b8cd3604639e
  .git/objects/1d/8c9164da0562a9943d41af227959954d899378
  .git/objects/26/3d310003bc1247bda3aac0c0635aa742b741c7
  .git/objects/26/6f41659ef966b51d94c177471b0bbaef487e4e
  .git/objects/2a/6d7c5850fe77e995441ff71b0f3a09c4def8a0
  .git/objects/2c/ab8a747ecdb7ae32002f8d7b5c966c9978f0d0
  .git/objects/30/fa9da34161ab9f0dce504844e0cb6920efcd83
  .git/objects/31/3ab9156d1f2a8b1164e41e82399a32a7603a15
  .git/objects/31/a63456ffdbc8d0be4121fff3f60589d78736fb
  .git/objects/34/a4e6ec667c371b94a50c013146eb72b0663dfd
  .git/objects/36/df68c2f8de8e15145541721b9e31eb610e18c0
  .git/objects/38/57eac881cf513c3f01d704190bd492230d9816
  .git/objects/41/4d1d52658038c03255ad82fb0bee006fb617be
  .git/objects/42/c709c25023d81e67d9c3aba997c9359ac03a50
  .git/objects/4b/5149e2cb920eeab030d63c97fb2ee161122b0d
  .git/objects/4c/5fb17564bf5a56cd410ce5b7162f1985887dd5
  .git/objects/4d/59c1acd7b29d08ab3d6f82db81fdca53743667
  .git/objects/4e/62038b4165c80e8cfd4e60b19dac191afc6f53
  .git/objects/4f/a53c8b34f3d15715093a82c1977030ec34a33d
  .git/objects/51/5ccea29862bfb2486f508561fd35ea803a2c4e
  .git/objects/54/28049bb7ddce7d98b8b24c571954a236aa2e1b
  .git/objects/57/61da1e81507453bf51d67117c79adcba7d05f2
  .git/objects/59/215b1a23578af17549cfbf49e2434253a9fdf2
  .git/objects/5a/acb62ee2ce6e6a9acc2d331b455f75ebedcf59
  .git/objects/5b/45aec30557e6deeb8bbb920a80cc77c9b68231
  .git/objects/5c/8f0b7ccfbe992fd940aa3b89c1bc956e33a2e5
  .git/objects/60/fe3cf27eee8c84054362de98df120efd044dc3
  .git/objects/65/7525d8625c06f2b47a4482f79ee72a6df160ee
  .git/objects/6b/48cf4b37d3cd92f98c8e4ba5e4e40be6619a43
  .git/objects/6e/627e14ff8c88aef8e52cc16e9d747ded58fe6b
  .git/objects/75/9ea983dff79d8a2eb935b69b6d2a90803474d9
  .git/objects/77/70ae911e3be2ffb00b9ad09e301dd657875af8
  .git/objects/79/d93914001ec0af62860e3bfd0a328fc6416ecb
  .git/objects/7f/54b8ea50b3d93b1ed9637ac326ccc359ddab89
  .git/objects/81/c5d949eebf6c57d849f6e59542a489110d9a70
  .git/objects/83/6d34364deefb325f114eaeec0c9ffd3f04dace
  .git/objects/8b/56fd48274375131ba8886c2ba8edd0f8671c21
  .git/objects/8c/fc5254381b9b90f722876bc4188ca22135068a
  .git/objects/94/2d109aff3d217cf648f330dc81ddebd1ee537f
  .git/objects/94/50ce4644c4394e31ed8ffc09f3b9181a590ca3
  .git/objects/99/096417d7183ea0b338a202b9f884e5065d739f
  .git/objects/99/f3457d4255fcbca228376e42ca8c96d3f69650
  .git/objects/a0/4d2e3a67b7129184c3283f6f54ca18a045cddf
  .git/objects/a0/f2d77029e877452b0a3aad3d611b62c2fd0f69
  .git/objects/a6/7b8ff752207d72eb3e1386cb5d10b353970205
  .git/objects/a9/72b87958eacaa53bb6e178ecf6401e85c0ee90
  .git/objects/ad/7c0c141db76b5aac37554c704fb3cca88a37aa
  .git/objects/ae/68b8c97e948a10127f6447eaa5368cbf8aa3cf
  .git/objects/b4/1c885433474e787b9459d889168e52d7f3a19c
  .git/objects/b9/41111758f0b3b65da10f485389d8bd66ce14c5
  .git/objects/b9/e7289b1d4dedad4584f87fb6dbbffe4ca4fe24
  .git/objects/bc/2456e3a7c5b4560a1d0bd8014fe38669e683a5
  .git/objects/bd/878f228ee21469b1eea6a44408e65e91a219e9
  .git/objects/bf/42ecab25fe03398fca24299c752f5679e03efd
  .git/objects/ca/abe23e17fda7e2934bd0f6b8397fd707fc235e
  .git/objects/cc/04d580ff173eb4b013be042587ff0f95ed963d
  .git/objects/cf/1909a098ba352d8471d579007cc9ccad6e7d9a
  .git/objects/cf/9c6679e51391dc758a67a7c891a8a86622bae8
  .git/objects/d4/ad7b643c387ef531c95f0d1b70aeb1e628aed3
  .git/objects/d8/1fea6b047635115afe3481a2721d13fe4460ba
  .git/objects/d9/7daff647343aefbda4abb07ade781fbb9fbb7c
  .git/objects/dc/2216086e3419845ce08e3b209f7cf54bfd3926
  .git/objects/df/d372360e5026e7c25b2b39771b67190375eab2
  .git/objects/e0/cade7a3d5fdb535f76c6411092523b03059394
  .git/objects/e3/d13974e814470e56d7b9d6f7caabdec3ad8280
  .git/objects/e5/232b00142af52b99fefc43e272ffa8c36fe992
  .git/objects/e9/f20d37af0e6fdc64c46f851e375dbdd122126d
  .git/objects/eb/4b93e97385aa5eb6cb59833f1fb2edaafb5bf6
  .git/objects/eb/69bc7bb680e92ad285faa1c8e76e4e569c1fe1
  .git/objects/eb/86bd5429504c24dde0403d4842590123ae9d5d
  .git/objects/ec/cd72abed9532be6b20fdf7e9788dbed9460353
  .git/objects/ed/8a9f0eb3decaf0b8e200e339d72f161afe3ecb
  .git/objects/ee/e0d102b549e86fbc81dd58973c77429a33e9b4
  .git/objects/f2/0a2572e6511f43d001950f93fa666310da9031
  .git/objects/f6/4e6973a2e4f544602ed22bbb25fd83dbeb3279
  .git/objects/fa/846cf1f23291ae2684b6e1f593aa2bf1e2278d
  .git/objects/fc/5198c5d8c2f1f7e4cec48f61ced799ca4e7fd7
  src/quokar.dll
Source packages should not contain undeclared executable files.
See section 'Package structure' in the 'Writing R Extensions' manual.
* checking for hidden files and directories ... NOTE
Found the following hidden files and directories:
  .Rhistory
  .Rprofile
  .gitignore
  .travis.yml
  ..Rcheck
  .Rproj.user
  .git
These were most likely included in error. See section 'Package
structure' in the 'Writing R Extensions' manual.
* checking for portable file names ... OK
* checking whether package 'quokar' can be installed ... ERROR
Installation failed.
See 'E:/quokar/..Rcheck/00install.out' for details.
* DONE
Status: 1 ERROR, 2 WARNINGs, 1 NOTE
